<?xml version="1.0" encoding="UTF-8"?>
<!-- Generated by org.testng.reporters.JUnitXMLReporter -->
<testsuite ignored="0" hostname="TL508" failures="0" tests="3" name="Default test" time="118.168" errors="0" timestamp="2023-02-22T14:45:56 IST">
  <testcase classname="com.mobiletests.com.LogInMobileTest" name="BatteryChargeTest" time="0.042"/>
  <testcase classname="com.mobiletests.com.LogInMobileTest" name="SwitchOnWifi" time="32.097"/>
  <testcase classname="com.mobiletests.com.LogInMobileTest" name="SystemTime" time="0.678"/>
</testsuite> <!-- Default test -->
