<?xml version="1.0" encoding="UTF-8"?>
<testng-results ignored="0" total="3" passed="3" failed="0" skipped="0">
  <reporter-output>
  </reporter-output>
  <suite started-at="2023-02-22T14:43:57 IST" name="Default suite" finished-at="2023-02-22T14:45:56 IST" duration-ms="118168">
    <groups>
    </groups>
    <test started-at="2023-02-22T14:43:57 IST" name="Default test" finished-at="2023-02-22T14:45:56 IST" duration-ms="118168">
      <class name="com.mobiletests.com.LogInMobileTest">
        <test-method is-config="true" signature="setup()[pri:0, instance:com.mobiletests.com.LogInMobileTest@6c1a5b54]" started-at="2023-02-22T14:43:58 IST" name="setup" finished-at="2023-02-22T14:44:36 IST" duration-ms="38078" status="PASS">
          <reporter-output>
          </reporter-output>
        </test-method> <!-- setup -->
        <test-method signature="BatteryChargeTest()[pri:0, instance:com.mobiletests.com.LogInMobileTest@6c1a5b54]" started-at="2023-02-22T14:44:36 IST" name="BatteryChargeTest" finished-at="2023-02-22T14:44:36 IST" duration-ms="42" status="PASS">
          <reporter-output>
          </reporter-output>
        </test-method> <!-- BatteryChargeTest -->
        <test-method is-config="true" signature="tearDown()[pri:0, instance:com.mobiletests.com.LogInMobileTest@6c1a5b54]" started-at="2023-02-22T14:44:36 IST" name="tearDown" finished-at="2023-02-22T14:44:37 IST" duration-ms="1234" status="PASS">
          <reporter-output>
          </reporter-output>
        </test-method> <!-- tearDown -->
        <test-method is-config="true" signature="setup()[pri:0, instance:com.mobiletests.com.LogInMobileTest@6c1a5b54]" started-at="2023-02-22T14:44:37 IST" name="setup" finished-at="2023-02-22T14:45:01 IST" duration-ms="24528" status="PASS">
          <reporter-output>
          </reporter-output>
        </test-method> <!-- setup -->
        <test-method signature="SwitchOnWifi()[pri:0, instance:com.mobiletests.com.LogInMobileTest@6c1a5b54]" started-at="2023-02-22T14:45:01 IST" name="SwitchOnWifi" finished-at="2023-02-22T14:45:33 IST" duration-ms="32097" status="PASS">
          <reporter-output>
          </reporter-output>
        </test-method> <!-- SwitchOnWifi -->
        <test-method is-config="true" signature="tearDown()[pri:0, instance:com.mobiletests.com.LogInMobileTest@6c1a5b54]" started-at="2023-02-22T14:45:33 IST" name="tearDown" finished-at="2023-02-22T14:45:35 IST" duration-ms="1398" status="PASS">
          <reporter-output>
          </reporter-output>
        </test-method> <!-- tearDown -->
        <test-method is-config="true" signature="setup()[pri:0, instance:com.mobiletests.com.LogInMobileTest@6c1a5b54]" started-at="2023-02-22T14:45:35 IST" name="setup" finished-at="2023-02-22T14:45:54 IST" duration-ms="18716" status="PASS">
          <reporter-output>
          </reporter-output>
        </test-method> <!-- setup -->
        <test-method signature="SystemTime()[pri:0, instance:com.mobiletests.com.LogInMobileTest@6c1a5b54]" started-at="2023-02-22T14:45:54 IST" name="SystemTime" finished-at="2023-02-22T14:45:54 IST" duration-ms="678" status="PASS">
          <reporter-output>
          </reporter-output>
        </test-method> <!-- SystemTime -->
        <test-method is-config="true" signature="tearDown()[pri:0, instance:com.mobiletests.com.LogInMobileTest@6c1a5b54]" started-at="2023-02-22T14:45:54 IST" name="tearDown" finished-at="2023-02-22T14:45:56 IST" duration-ms="1359" status="PASS">
          <reporter-output>
          </reporter-output>
        </test-method> <!-- tearDown -->
      </class> <!-- com.mobiletests.com.LogInMobileTest -->
    </test> <!-- Default test -->
  </suite> <!-- Default suite -->
</testng-results>
